d:\cotizador\x64\debug\vc143.pdb
d:\cotizador\x64\debug\vc143.idb
d:\cotizador\x64\debug\shirtsleeve.obj
d:\cotizador\x64\debug\shirtneck.obj
d:\cotizador\x64\debug\pantfit.obj
d:\cotizador\x64\debug\pant.obj
d:\cotizador\x64\debug\mainmenuchoice.obj
d:\cotizador\x64\debug\iview.obj
d:\cotizador\x64\debug\inewquotationview.obj
d:\cotizador\x64\debug\ipresenter.obj
d:\cotizador\x64\debug\storerepository.obj
d:\cotizador\x64\debug\address.obj
d:\cotizador\x64\debug\quotationpresenter.obj
d:\cotizador\x64\debug\clothechoice.obj
d:\cotizador\x64\debug\istorerepository.obj
d:\cotizador\x64\debug\iquotationrepository.obj
d:\cotizador\x64\debug\pantquotationrequest.obj
d:\cotizador\x64\debug\quotationdata.obj
d:\cotizador\x64\debug\iclotherepository.obj
d:\cotizador\x64\debug\viewenum.obj
d:\cotizador\x64\debug\newquotationview.obj
d:\cotizador\x64\debug\store.obj
d:\cotizador\x64\debug\salesman.obj
d:\cotizador\x64\debug\quotation.obj
d:\cotizador\x64\debug\datetime.obj
d:\cotizador\x64\debug\shirtquotationrequest.obj
d:\cotizador\x64\debug\storedata.obj
d:\cotizador\x64\debug\clotheabstract.obj
d:\cotizador\x64\debug\quality.obj
d:\cotizador\x64\debug\shirt.obj
d:\cotizador\x64\debug\iquotationbuilder.obj
d:\cotizador\x64\debug\mainview.obj
d:\cotizador\x64\debug\cotizador.obj
d:\cotizador\x64\debug\mainmenupresenter.obj
d:\cotizador\x64\debug\imainview.obj
d:\cotizador\x64\debug\application.obj
d:\cotizador\x64\debug\clotherepository.obj
d:\cotizador\x64\debug\quotationrepository.obj
d:\cotizador\x64\debug\ihistoryview.obj
d:\cotizador\x64\debug\clotheservice.obj
d:\cotizador\x64\debug\iclotheservice.obj
d:\cotizador\x64\debug\historyview.obj
d:\cotizador\x64\debug\historypresenter.obj
d:\cotizador\x64\debug\pantshould.obj
d:\cotizador\x64\debug\cotizador.exe
d:\cotizador\x64\debug\cotizador.ilk
d:\cotizador\x64\debug\cotizador.pdb
d:\cotizador\x64\debug\clothechoice.new.obj.enc
d:\cotizador\x64\debug\quotationpresenter.new.obj.enc
d:\cotizador\x64\debug\cotizador.tlog\cl.command.1.tlog
d:\cotizador\x64\debug\cotizador.tlog\cl.read.1.tlog
d:\cotizador\x64\debug\cotizador.tlog\cl.write.1.tlog
d:\cotizador\x64\debug\cotizador.tlog\link.command.1.tlog
d:\cotizador\x64\debug\cotizador.tlog\link.read.1.tlog
d:\cotizador\x64\debug\cotizador.tlog\link.write.1.tlog
